<?xml version="1.0" encoding="UTF-8"?>
<testsuite xmlns:xsi="http://www.w3.org/2001/XMLSchema-instance" xsi:noNamespaceSchemaLocation="https://maven.apache.org/surefire/maven-surefire-plugin/xsd/surefire-test-report-3.0.xsd" version="3.0" name="com.APITestRunner" time="5.93" tests="4" errors="0" skipped="0" failures="1">
  <properties>
    <property name="gopherProxySet" value="false"/>
    <property name="awt.toolkit" value="sun.lwawt.macosx.LWCToolkit"/>
    <property name="java.specification.version" value="11"/>
    <property name="sun.cpu.isalist" value=""/>
    <property name="sun.jnu.encoding" value="UTF-8"/>
    <property name="java.class.path" value="/Users/mareksiebert/Projects/BDDRestExample/target/test-classes:/Users/mareksiebert/Projects/BDDRestExample/target/classes:/Users/mareksiebert/.m2/repository/com/github/frameworkium/frameworkium-core/3.0.0/frameworkium-core-3.0.0.jar:/Users/mareksiebert/.m2/repository/org/seleniumhq/selenium/selenium-java/3.141.59/selenium-java-3.141.59.jar:/Users/mareksiebert/.m2/repository/org/seleniumhq/selenium/selenium-api/3.141.59/selenium-api-3.141.59.jar:/Users/mareksiebert/.m2/repository/org/seleniumhq/selenium/selenium-chrome-driver/3.141.59/selenium-chrome-driver-3.141.59.jar:/Users/mareksiebert/.m2/repository/org/seleniumhq/selenium/selenium-edge-driver/3.141.59/selenium-edge-driver-3.141.59.jar:/Users/mareksiebert/.m2/repository/org/seleniumhq/selenium/selenium-firefox-driver/3.141.59/selenium-firefox-driver-3.141.59.jar:/Users/mareksiebert/.m2/repository/org/seleniumhq/selenium/selenium-ie-driver/3.141.59/selenium-ie-driver-3.141.59.jar:/Users/mareksiebert/.m2/repository/org/seleniumhq/selenium/selenium-opera-driver/3.141.59/selenium-opera-driver-3.141.59.jar:/Users/mareksiebert/.m2/repository/org/seleniumhq/selenium/selenium-remote-driver/3.141.59/selenium-remote-driver-3.141.59.jar:/Users/mareksiebert/.m2/repository/org/seleniumhq/selenium/selenium-safari-driver/3.141.59/selenium-safari-driver-3.141.59.jar:/Users/mareksiebert/.m2/repository/org/seleniumhq/selenium/selenium-support/3.141.59/selenium-support-3.141.59.jar:/Users/mareksiebert/.m2/repository/net/bytebuddy/byte-buddy/1.8.15/byte-buddy-1.8.15.jar:/Users/mareksiebert/.m2/repository/org/apache/commons/commons-exec/1.3/commons-exec-1.3.jar:/Users/mareksiebert/.m2/repository/com/squareup/okhttp3/okhttp/3.11.0/okhttp-3.11.0.jar:/Users/mareksiebert/.m2/repository/com/squareup/okio/okio/1.14.0/okio-1.14.0.jar:/Users/mareksiebert/.m2/repository/ru/yandex/qatools/htmlelements/htmlelements-java/1.20.0/htmlelements-java-1.20.0.jar:/Users/mareksiebert/.m2/repository/com/paulhammant/ngwebdriver/1.1.4/ngwebdriver-1.1.4.jar:/Users/mareksiebert/.m2/repository/net/sf/uadetector/uadetector-resources/2014.10/uadetector-resources-2014.10.jar:/Users/mareksiebert/.m2/repository/net/sf/uadetector/uadetector-core/0.9.22/uadetector-core-0.9.22.jar:/Users/mareksiebert/.m2/repository/net/sf/qualitycheck/quality-check/1.3/quality-check-1.3.jar:/Users/mareksiebert/.m2/repository/javax/annotation/jsr250-api/1.0/jsr250-api-1.0.jar:/Users/mareksiebert/.m2/repository/org/slf4j/slf4j-api/1.7.7/slf4j-api-1.7.7.jar:/Users/mareksiebert/.m2/repository/com/saucelabs/sauce_testng/2.1.25/sauce_testng-2.1.25.jar:/Users/mareksiebert/.m2/repository/com/saucelabs/sauce_java_common/2.1.25/sauce_java_common-2.1.25.jar:/Users/mareksiebert/.m2/repository/com/googlecode/json-simple/json-simple/1.1.1/json-simple-1.1.1.jar:/Users/mareksiebert/.m2/repository/commons-lang/commons-lang/2.6/commons-lang-2.6.jar:/Users/mareksiebert/.m2/repository/com/saucelabs/saucerest/1.0.42/saucerest-1.0.42.jar:/Users/mareksiebert/.m2/repository/commons-codec/commons-codec/1.10/commons-codec-1.10.jar:/Users/mareksiebert/.m2/repository/org/testng/testng/6.14.3/testng-6.14.3.jar:/Users/mareksiebert/.m2/repository/com/beust/jcommander/1.72/jcommander-1.72.jar:/Users/mareksiebert/.m2/repository/org/apache-extras/beanshell/bsh/2.0b6/bsh-2.0b6.jar:/Users/mareksiebert/.m2/repository/io/qameta/allure/allure-testng/2.12.1/allure-testng-2.12.1.jar:/Users/mareksiebert/.m2/repository/com/google/truth/truth/1.0/truth-1.0.jar:/Users/mareksiebert/.m2/repository/org/checkerframework/checker-compat-qual/2.5.5/checker-compat-qual-2.5.5.jar:/Users/mareksiebert/.m2/repository/junit/junit/4.12/junit-4.12.jar:/Users/mareksiebert/.m2/repository/com/googlecode/java-diff-utils/diffutils/1.3.0/diffutils-1.3.0.jar:/Users/mareksiebert/.m2/repository/com/google/auto/value/auto-value-annotations/1.6.3/auto-value-annotations-1.6.3.jar:/Users/mareksiebert/.m2/repository/com/google/errorprone/error_prone_annotations/2.3.1/error_prone_annotations-2.3.1.jar:/Users/mareksiebert/.m2/repository/com/google/truth/extensions/truth-java8-extension/1.0/truth-java8-extension-1.0.jar:/Users/mareksiebert/.m2/repository/com/google/guava/guava/28.0-jre/guava-28.0-jre.jar:/Users/mareksiebert/.m2/repository/com/google/guava/failureaccess/1.0.1/failureaccess-1.0.1.jar:/Users/mareksiebert/.m2/repository/com/google/guava/listenablefuture/9999.0-empty-to-avoid-conflict-with-guava/listenablefuture-9999.0-empty-to-avoid-conflict-with-guava.jar:/Users/mareksiebert/.m2/repository/com/google/code/findbugs/jsr305/3.0.2/jsr305-3.0.2.jar:/Users/mareksiebert/.m2/repository/org/checkerframework/checker-qual/2.8.1/checker-qual-2.8.1.jar:/Users/mareksiebert/.m2/repository/com/google/j2objc/j2objc-annotations/1.3/j2objc-annotations-1.3.jar:/Users/mareksiebert/.m2/repository/org/codehaus/mojo/animal-sniffer-annotations/1.17/animal-sniffer-annotations-1.17.jar:/Users/mareksiebert/.m2/repository/org/apache/logging/log4j/log4j-api/2.12.0/log4j-api-2.12.0.jar:/Users/mareksiebert/.m2/repository/org/apache/logging/log4j/log4j-core/2.12.0/log4j-core-2.12.0.jar:/Users/mareksiebert/.m2/repository/org/slf4j/slf4j-simple/1.7.26/slf4j-simple-1.7.26.jar:/Users/mareksiebert/.m2/repository/io/rest-assured/rest-assured/4.0.0/rest-assured-4.0.0.jar:/Users/mareksiebert/.m2/repository/org/apache/httpcomponents/httpclient/4.5.3/httpclient-4.5.3.jar:/Users/mareksiebert/.m2/repository/org/apache/httpcomponents/httpcore/4.4.6/httpcore-4.4.6.jar:/Users/mareksiebert/.m2/repository/commons-logging/commons-logging/1.2/commons-logging-1.2.jar:/Users/mareksiebert/.m2/repository/org/apache/httpcomponents/httpmime/4.5.3/httpmime-4.5.3.jar:/Users/mareksiebert/.m2/repository/org/hamcrest/hamcrest-core/2.1/hamcrest-core-2.1.jar:/Users/mareksiebert/.m2/repository/org/hamcrest/hamcrest/2.1/hamcrest-2.1.jar:/Users/mareksiebert/.m2/repository/org/hamcrest/hamcrest-library/2.1/hamcrest-library-2.1.jar:/Users/mareksiebert/.m2/repository/org/ccil/cowan/tagsoup/tagsoup/1.2.1/tagsoup-1.2.1.jar:/Users/mareksiebert/.m2/repository/io/rest-assured/json-path/4.0.0/json-path-4.0.0.jar:/Users/mareksiebert/.m2/repository/io/rest-assured/rest-assured-common/4.0.0/rest-assured-common-4.0.0.jar:/Users/mareksiebert/.m2/repository/io/rest-assured/xml-path/4.0.0/xml-path-4.0.0.jar:/Users/mareksiebert/.m2/repository/javax/xml/bind/jaxb-api/2.2.12/jaxb-api-2.2.12.jar:/Users/mareksiebert/.m2/repository/com/sun/xml/bind/jaxb-osgi/2.2.10/jaxb-osgi-2.2.10.jar:/Users/mareksiebert/.m2/repository/org/apache/sling/org.apache.sling.javax.activation/0.1.0/org.apache.sling.javax.activation-0.1.0.jar:/Users/mareksiebert/.m2/repository/javax/activation/activation/1.1.1/activation-1.1.1.jar:/Users/mareksiebert/.m2/repository/org/apache/commons/commons-lang3/3.9/commons-lang3-3.9.jar:/Users/mareksiebert/.m2/repository/org/json/json/20180813/json-20180813.jar:/Users/mareksiebert/.m2/repository/com/fasterxml/jackson/core/jackson-annotations/2.9.9/jackson-annotations-2.9.9.jar:/Users/mareksiebert/.m2/repository/org/codehaus/groovy/groovy/2.5.7/groovy-2.5.7.jar:/Users/mareksiebert/.m2/repository/org/codehaus/groovy/groovy-ant/2.5.7/groovy-ant-2.5.7.jar:/Users/mareksiebert/.m2/repository/org/apache/ant/ant/1.9.13/ant-1.9.13.jar:/Users/mareksiebert/.m2/repository/org/apache/ant/ant-junit/1.9.13/ant-junit-1.9.13.jar:/Users/mareksiebert/.m2/repository/org/apache/ant/ant-launcher/1.9.13/ant-launcher-1.9.13.jar:/Users/mareksiebert/.m2/repository/org/apache/ant/ant-antlr/1.9.13/ant-antlr-1.9.13.jar:/Users/mareksiebert/.m2/repository/org/codehaus/groovy/groovy-cli-commons/2.5.7/groovy-cli-commons-2.5.7.jar:/Users/mareksiebert/.m2/repository/commons-cli/commons-cli/1.4/commons-cli-1.4.jar:/Users/mareksiebert/.m2/repository/org/codehaus/groovy/groovy-cli-picocli/2.5.7/groovy-cli-picocli-2.5.7.jar:/Users/mareksiebert/.m2/repository/info/picocli/picocli/3.9.5/picocli-3.9.5.jar:/Users/mareksiebert/.m2/repository/org/codehaus/groovy/groovy-console/2.5.7/groovy-console-2.5.7.jar:/Users/mareksiebert/.m2/repository/org/codehaus/groovy/groovy-datetime/2.5.7/groovy-datetime-2.5.7.jar:/Users/mareksiebert/.m2/repository/org/codehaus/groovy/groovy-docgenerator/2.5.7/groovy-docgenerator-2.5.7.jar:/Users/mareksiebert/.m2/repository/com/thoughtworks/qdox/qdox/1.12.1/qdox-1.12.1.jar:/Users/mareksiebert/.m2/repository/org/codehaus/groovy/groovy-groovydoc/2.5.7/groovy-groovydoc-2.5.7.jar:/Users/mareksiebert/.m2/repository/org/codehaus/groovy/groovy-groovysh/2.5.7/groovy-groovysh-2.5.7.jar:/Users/mareksiebert/.m2/repository/jline/jline/2.14.6/jline-2.14.6.jar:/Users/mareksiebert/.m2/repository/org/codehaus/groovy/groovy-jmx/2.5.7/groovy-jmx-2.5.7.jar:/Users/mareksiebert/.m2/repository/org/codehaus/groovy/groovy-json/2.5.7/groovy-json-2.5.7.jar:/Users/mareksiebert/.m2/repository/org/codehaus/groovy/groovy-jsr223/2.5.7/groovy-jsr223-2.5.7.jar:/Users/mareksiebert/.m2/repository/org/codehaus/groovy/groovy-macro/2.5.7/groovy-macro-2.5.7.jar:/Users/mareksiebert/.m2/repository/org/codehaus/groovy/groovy-nio/2.5.7/groovy-nio-2.5.7.jar:/Users/mareksiebert/.m2/repository/org/codehaus/groovy/groovy-servlet/2.5.7/groovy-servlet-2.5.7.jar:/Users/mareksiebert/.m2/repository/org/codehaus/groovy/groovy-sql/2.5.7/groovy-sql-2.5.7.jar:/Users/mareksiebert/.m2/repository/org/codehaus/groovy/groovy-swing/2.5.7/groovy-swing-2.5.7.jar:/Users/mareksiebert/.m2/repository/org/codehaus/groovy/groovy-templates/2.5.7/groovy-templates-2.5.7.jar:/Users/mareksiebert/.m2/repository/org/codehaus/groovy/groovy-test/2.5.7/groovy-test-2.5.7.jar:/Users/mareksiebert/.m2/repository/org/codehaus/groovy/groovy-test-junit5/2.5.7/groovy-test-junit5-2.5.7.jar:/Users/mareksiebert/.m2/repository/org/junit/platform/junit-platform-launcher/1.4.0/junit-platform-launcher-1.4.0.jar:/Users/mareksiebert/.m2/repository/org/junit/platform/junit-platform-engine/1.4.0/junit-platform-engine-1.4.0.jar:/Users/mareksiebert/.m2/repository/org/opentest4j/opentest4j/1.1.1/opentest4j-1.1.1.jar:/Users/mareksiebert/.m2/repository/org/junit/platform/junit-platform-commons/1.4.0/junit-platform-commons-1.4.0.jar:/Users/mareksiebert/.m2/repository/org/junit/jupiter/junit-jupiter-engine/5.4.0/junit-jupiter-engine-5.4.0.jar:/Users/mareksiebert/.m2/repository/org/junit/jupiter/junit-jupiter-api/5.4.0/junit-jupiter-api-5.4.0.jar:/Users/mareksiebert/.m2/repository/org/codehaus/groovy/groovy-testng/2.5.7/groovy-testng-2.5.7.jar:/Users/mareksiebert/.m2/repository/org/codehaus/groovy/groovy-xml/2.5.7/groovy-xml-2.5.7.jar:/Users/mareksiebert/.m2/repository/io/cucumber/cucumber-java/4.7.1/cucumber-java-4.7.1.jar:/Users/mareksiebert/.m2/repository/io/cucumber/cucumber-core/4.7.1/cucumber-core-4.7.1.jar:/Users/mareksiebert/.m2/repository/io/cucumber/gherkin/5.1.0/gherkin-5.1.0.jar:/Users/mareksiebert/.m2/repository/io/cucumber/tag-expressions/1.1.1/tag-expressions-1.1.1.jar:/Users/mareksiebert/.m2/repository/io/cucumber/cucumber-expressions/7.0.2/cucumber-expressions-7.0.2.jar:/Users/mareksiebert/.m2/repository/io/cucumber/datatable/1.1.14/datatable-1.1.14.jar:/Users/mareksiebert/.m2/repository/io/cucumber/datatable-dependencies/1.1.14/datatable-dependencies-1.1.14.jar:/Users/mareksiebert/.m2/repository/org/apiguardian/apiguardian-api/1.1.0/apiguardian-api-1.1.0.jar:/Users/mareksiebert/.m2/repository/io/cucumber/cucumber-testng/4.7.1/cucumber-testng-4.7.1.jar:/Users/mareksiebert/.m2/repository/io/qameta/allure/allure-cucumber-jvm/2.12.1/allure-cucumber-jvm-2.12.1.jar:/Users/mareksiebert/.m2/repository/io/qameta/allure/allure-java-commons/2.12.1/allure-java-commons-2.12.1.jar:/Users/mareksiebert/.m2/repository/io/qameta/allure/allure-model/2.12.1/allure-model-2.12.1.jar:/Users/mareksiebert/.m2/repository/com/fasterxml/jackson/core/jackson-databind/2.9.8/jackson-databind-2.9.8.jar:/Users/mareksiebert/.m2/repository/com/fasterxml/jackson/core/jackson-core/2.9.8/jackson-core-2.9.8.jar:/Users/mareksiebert/.m2/repository/org/apache/tika/tika-core/1.20/tika-core-1.20.jar:/Users/mareksiebert/.m2/repository/org/jooq/joor-java-8/0.9.10/joor-java-8-0.9.10.jar:/Users/mareksiebert/.m2/repository/info/cukes/cucumber-core/1.2.5/cucumber-core-1.2.5.jar:/Users/mareksiebert/.m2/repository/info/cukes/cucumber-html/0.2.3/cucumber-html-0.2.3.jar:/Users/mareksiebert/.m2/repository/info/cukes/cucumber-jvm-deps/1.0.5/cucumber-jvm-deps-1.0.5.jar:/Users/mareksiebert/.m2/repository/info/cukes/cucumber-java/1.2.5/cucumber-java-1.2.5.jar:/Users/mareksiebert/.m2/repository/info/cukes/gherkin/2.12.2/gherkin-2.12.2.jar:/Users/mareksiebert/.m2/repository/org/aspectj/aspectjweaver/1.9.4/aspectjweaver-1.9.4.jar:"/>
    <property name="java.vm.vendor" value="Oracle Corporation"/>
    <property name="sun.arch.data.model" value="64"/>
    <property name="java.vendor.url" value="http://java.oracle.com/"/>
    <property name="user.timezone" value=""/>
    <property name="java.vm.specification.version" value="11"/>
    <property name="os.name" value="Mac OS X"/>
    <property name="sun.java.launcher" value="SUN_STANDARD"/>
    <property name="user.country" value="PL"/>
    <property name="sun.boot.library.path" value="/Library/Java/JavaVirtualMachines/jdk-11.0.2.jdk/Contents/Home/lib"/>
    <property name="sun.java.command" value="/Users/mareksiebert/Projects/BDDRestExample/target/surefire/surefirebooter17977088806843907699.jar /Users/mareksiebert/Projects/BDDRestExample/target/surefire 2020-01-18T16-28-29_425-jvmRun1 surefire16455143514085701874tmp surefire_06303934529202699519tmp"/>
    <property name="http.nonProxyHosts" value="local|*.local|169.254/16|*.169.254/16"/>
    <property name="jdk.debug" value="release"/>
    <property name="surefire.test.class.path" value="/Users/mareksiebert/Projects/BDDRestExample/target/test-classes:/Users/mareksiebert/Projects/BDDRestExample/target/classes:/Users/mareksiebert/.m2/repository/com/github/frameworkium/frameworkium-core/3.0.0/frameworkium-core-3.0.0.jar:/Users/mareksiebert/.m2/repository/org/seleniumhq/selenium/selenium-java/3.141.59/selenium-java-3.141.59.jar:/Users/mareksiebert/.m2/repository/org/seleniumhq/selenium/selenium-api/3.141.59/selenium-api-3.141.59.jar:/Users/mareksiebert/.m2/repository/org/seleniumhq/selenium/selenium-chrome-driver/3.141.59/selenium-chrome-driver-3.141.59.jar:/Users/mareksiebert/.m2/repository/org/seleniumhq/selenium/selenium-edge-driver/3.141.59/selenium-edge-driver-3.141.59.jar:/Users/mareksiebert/.m2/repository/org/seleniumhq/selenium/selenium-firefox-driver/3.141.59/selenium-firefox-driver-3.141.59.jar:/Users/mareksiebert/.m2/repository/org/seleniumhq/selenium/selenium-ie-driver/3.141.59/selenium-ie-driver-3.141.59.jar:/Users/mareksiebert/.m2/repository/org/seleniumhq/selenium/selenium-opera-driver/3.141.59/selenium-opera-driver-3.141.59.jar:/Users/mareksiebert/.m2/repository/org/seleniumhq/selenium/selenium-remote-driver/3.141.59/selenium-remote-driver-3.141.59.jar:/Users/mareksiebert/.m2/repository/org/seleniumhq/selenium/selenium-safari-driver/3.141.59/selenium-safari-driver-3.141.59.jar:/Users/mareksiebert/.m2/repository/org/seleniumhq/selenium/selenium-support/3.141.59/selenium-support-3.141.59.jar:/Users/mareksiebert/.m2/repository/net/bytebuddy/byte-buddy/1.8.15/byte-buddy-1.8.15.jar:/Users/mareksiebert/.m2/repository/org/apache/commons/commons-exec/1.3/commons-exec-1.3.jar:/Users/mareksiebert/.m2/repository/com/squareup/okhttp3/okhttp/3.11.0/okhttp-3.11.0.jar:/Users/mareksiebert/.m2/repository/com/squareup/okio/okio/1.14.0/okio-1.14.0.jar:/Users/mareksiebert/.m2/repository/ru/yandex/qatools/htmlelements/htmlelements-java/1.20.0/htmlelements-java-1.20.0.jar:/Users/mareksiebert/.m2/repository/com/paulhammant/ngwebdriver/1.1.4/ngwebdriver-1.1.4.jar:/Users/mareksiebert/.m2/repository/net/sf/uadetector/uadetector-resources/2014.10/uadetector-resources-2014.10.jar:/Users/mareksiebert/.m2/repository/net/sf/uadetector/uadetector-core/0.9.22/uadetector-core-0.9.22.jar:/Users/mareksiebert/.m2/repository/net/sf/qualitycheck/quality-check/1.3/quality-check-1.3.jar:/Users/mareksiebert/.m2/repository/javax/annotation/jsr250-api/1.0/jsr250-api-1.0.jar:/Users/mareksiebert/.m2/repository/org/slf4j/slf4j-api/1.7.7/slf4j-api-1.7.7.jar:/Users/mareksiebert/.m2/repository/com/saucelabs/sauce_testng/2.1.25/sauce_testng-2.1.25.jar:/Users/mareksiebert/.m2/repository/com/saucelabs/sauce_java_common/2.1.25/sauce_java_common-2.1.25.jar:/Users/mareksiebert/.m2/repository/com/googlecode/json-simple/json-simple/1.1.1/json-simple-1.1.1.jar:/Users/mareksiebert/.m2/repository/commons-lang/commons-lang/2.6/commons-lang-2.6.jar:/Users/mareksiebert/.m2/repository/com/saucelabs/saucerest/1.0.42/saucerest-1.0.42.jar:/Users/mareksiebert/.m2/repository/commons-codec/commons-codec/1.10/commons-codec-1.10.jar:/Users/mareksiebert/.m2/repository/org/testng/testng/6.14.3/testng-6.14.3.jar:/Users/mareksiebert/.m2/repository/com/beust/jcommander/1.72/jcommander-1.72.jar:/Users/mareksiebert/.m2/repository/org/apache-extras/beanshell/bsh/2.0b6/bsh-2.0b6.jar:/Users/mareksiebert/.m2/repository/io/qameta/allure/allure-testng/2.12.1/allure-testng-2.12.1.jar:/Users/mareksiebert/.m2/repository/com/google/truth/truth/1.0/truth-1.0.jar:/Users/mareksiebert/.m2/repository/org/checkerframework/checker-compat-qual/2.5.5/checker-compat-qual-2.5.5.jar:/Users/mareksiebert/.m2/repository/junit/junit/4.12/junit-4.12.jar:/Users/mareksiebert/.m2/repository/com/googlecode/java-diff-utils/diffutils/1.3.0/diffutils-1.3.0.jar:/Users/mareksiebert/.m2/repository/com/google/auto/value/auto-value-annotations/1.6.3/auto-value-annotations-1.6.3.jar:/Users/mareksiebert/.m2/repository/com/google/errorprone/error_prone_annotations/2.3.1/error_prone_annotations-2.3.1.jar:/Users/mareksiebert/.m2/repository/com/google/truth/extensions/truth-java8-extension/1.0/truth-java8-extension-1.0.jar:/Users/mareksiebert/.m2/repository/com/google/guava/guava/28.0-jre/guava-28.0-jre.jar:/Users/mareksiebert/.m2/repository/com/google/guava/failureaccess/1.0.1/failureaccess-1.0.1.jar:/Users/mareksiebert/.m2/repository/com/google/guava/listenablefuture/9999.0-empty-to-avoid-conflict-with-guava/listenablefuture-9999.0-empty-to-avoid-conflict-with-guava.jar:/Users/mareksiebert/.m2/repository/com/google/code/findbugs/jsr305/3.0.2/jsr305-3.0.2.jar:/Users/mareksiebert/.m2/repository/org/checkerframework/checker-qual/2.8.1/checker-qual-2.8.1.jar:/Users/mareksiebert/.m2/repository/com/google/j2objc/j2objc-annotations/1.3/j2objc-annotations-1.3.jar:/Users/mareksiebert/.m2/repository/org/codehaus/mojo/animal-sniffer-annotations/1.17/animal-sniffer-annotations-1.17.jar:/Users/mareksiebert/.m2/repository/org/apache/logging/log4j/log4j-api/2.12.0/log4j-api-2.12.0.jar:/Users/mareksiebert/.m2/repository/org/apache/logging/log4j/log4j-core/2.12.0/log4j-core-2.12.0.jar:/Users/mareksiebert/.m2/repository/org/slf4j/slf4j-simple/1.7.26/slf4j-simple-1.7.26.jar:/Users/mareksiebert/.m2/repository/io/rest-assured/rest-assured/4.0.0/rest-assured-4.0.0.jar:/Users/mareksiebert/.m2/repository/org/apache/httpcomponents/httpclient/4.5.3/httpclient-4.5.3.jar:/Users/mareksiebert/.m2/repository/org/apache/httpcomponents/httpcore/4.4.6/httpcore-4.4.6.jar:/Users/mareksiebert/.m2/repository/commons-logging/commons-logging/1.2/commons-logging-1.2.jar:/Users/mareksiebert/.m2/repository/org/apache/httpcomponents/httpmime/4.5.3/httpmime-4.5.3.jar:/Users/mareksiebert/.m2/repository/org/hamcrest/hamcrest-core/2.1/hamcrest-core-2.1.jar:/Users/mareksiebert/.m2/repository/org/hamcrest/hamcrest/2.1/hamcrest-2.1.jar:/Users/mareksiebert/.m2/repository/org/hamcrest/hamcrest-library/2.1/hamcrest-library-2.1.jar:/Users/mareksiebert/.m2/repository/org/ccil/cowan/tagsoup/tagsoup/1.2.1/tagsoup-1.2.1.jar:/Users/mareksiebert/.m2/repository/io/rest-assured/json-path/4.0.0/json-path-4.0.0.jar:/Users/mareksiebert/.m2/repository/io/rest-assured/rest-assured-common/4.0.0/rest-assured-common-4.0.0.jar:/Users/mareksiebert/.m2/repository/io/rest-assured/xml-path/4.0.0/xml-path-4.0.0.jar:/Users/mareksiebert/.m2/repository/javax/xml/bind/jaxb-api/2.2.12/jaxb-api-2.2.12.jar:/Users/mareksiebert/.m2/repository/com/sun/xml/bind/jaxb-osgi/2.2.10/jaxb-osgi-2.2.10.jar:/Users/mareksiebert/.m2/repository/org/apache/sling/org.apache.sling.javax.activation/0.1.0/org.apache.sling.javax.activation-0.1.0.jar:/Users/mareksiebert/.m2/repository/javax/activation/activation/1.1.1/activation-1.1.1.jar:/Users/mareksiebert/.m2/repository/org/apache/commons/commons-lang3/3.9/commons-lang3-3.9.jar:/Users/mareksiebert/.m2/repository/org/json/json/20180813/json-20180813.jar:/Users/mareksiebert/.m2/repository/com/fasterxml/jackson/core/jackson-annotations/2.9.9/jackson-annotations-2.9.9.jar:/Users/mareksiebert/.m2/repository/org/codehaus/groovy/groovy/2.5.7/groovy-2.5.7.jar:/Users/mareksiebert/.m2/repository/org/codehaus/groovy/groovy-ant/2.5.7/groovy-ant-2.5.7.jar:/Users/mareksiebert/.m2/repository/org/apache/ant/ant/1.9.13/ant-1.9.13.jar:/Users/mareksiebert/.m2/repository/org/apache/ant/ant-junit/1.9.13/ant-junit-1.9.13.jar:/Users/mareksiebert/.m2/repository/org/apache/ant/ant-launcher/1.9.13/ant-launcher-1.9.13.jar:/Users/mareksiebert/.m2/repository/org/apache/ant/ant-antlr/1.9.13/ant-antlr-1.9.13.jar:/Users/mareksiebert/.m2/repository/org/codehaus/groovy/groovy-cli-commons/2.5.7/groovy-cli-commons-2.5.7.jar:/Users/mareksiebert/.m2/repository/commons-cli/commons-cli/1.4/commons-cli-1.4.jar:/Users/mareksiebert/.m2/repository/org/codehaus/groovy/groovy-cli-picocli/2.5.7/groovy-cli-picocli-2.5.7.jar:/Users/mareksiebert/.m2/repository/info/picocli/picocli/3.9.5/picocli-3.9.5.jar:/Users/mareksiebert/.m2/repository/org/codehaus/groovy/groovy-console/2.5.7/groovy-console-2.5.7.jar:/Users/mareksiebert/.m2/repository/org/codehaus/groovy/groovy-datetime/2.5.7/groovy-datetime-2.5.7.jar:/Users/mareksiebert/.m2/repository/org/codehaus/groovy/groovy-docgenerator/2.5.7/groovy-docgenerator-2.5.7.jar:/Users/mareksiebert/.m2/repository/com/thoughtworks/qdox/qdox/1.12.1/qdox-1.12.1.jar:/Users/mareksiebert/.m2/repository/org/codehaus/groovy/groovy-groovydoc/2.5.7/groovy-groovydoc-2.5.7.jar:/Users/mareksiebert/.m2/repository/org/codehaus/groovy/groovy-groovysh/2.5.7/groovy-groovysh-2.5.7.jar:/Users/mareksiebert/.m2/repository/jline/jline/2.14.6/jline-2.14.6.jar:/Users/mareksiebert/.m2/repository/org/codehaus/groovy/groovy-jmx/2.5.7/groovy-jmx-2.5.7.jar:/Users/mareksiebert/.m2/repository/org/codehaus/groovy/groovy-json/2.5.7/groovy-json-2.5.7.jar:/Users/mareksiebert/.m2/repository/org/codehaus/groovy/groovy-jsr223/2.5.7/groovy-jsr223-2.5.7.jar:/Users/mareksiebert/.m2/repository/org/codehaus/groovy/groovy-macro/2.5.7/groovy-macro-2.5.7.jar:/Users/mareksiebert/.m2/repository/org/codehaus/groovy/groovy-nio/2.5.7/groovy-nio-2.5.7.jar:/Users/mareksiebert/.m2/repository/org/codehaus/groovy/groovy-servlet/2.5.7/groovy-servlet-2.5.7.jar:/Users/mareksiebert/.m2/repository/org/codehaus/groovy/groovy-sql/2.5.7/groovy-sql-2.5.7.jar:/Users/mareksiebert/.m2/repository/org/codehaus/groovy/groovy-swing/2.5.7/groovy-swing-2.5.7.jar:/Users/mareksiebert/.m2/repository/org/codehaus/groovy/groovy-templates/2.5.7/groovy-templates-2.5.7.jar:/Users/mareksiebert/.m2/repository/org/codehaus/groovy/groovy-test/2.5.7/groovy-test-2.5.7.jar:/Users/mareksiebert/.m2/repository/org/codehaus/groovy/groovy-test-junit5/2.5.7/groovy-test-junit5-2.5.7.jar:/Users/mareksiebert/.m2/repository/org/junit/platform/junit-platform-launcher/1.4.0/junit-platform-launcher-1.4.0.jar:/Users/mareksiebert/.m2/repository/org/junit/platform/junit-platform-engine/1.4.0/junit-platform-engine-1.4.0.jar:/Users/mareksiebert/.m2/repository/org/opentest4j/opentest4j/1.1.1/opentest4j-1.1.1.jar:/Users/mareksiebert/.m2/repository/org/junit/platform/junit-platform-commons/1.4.0/junit-platform-commons-1.4.0.jar:/Users/mareksiebert/.m2/repository/org/junit/jupiter/junit-jupiter-engine/5.4.0/junit-jupiter-engine-5.4.0.jar:/Users/mareksiebert/.m2/repository/org/junit/jupiter/junit-jupiter-api/5.4.0/junit-jupiter-api-5.4.0.jar:/Users/mareksiebert/.m2/repository/org/codehaus/groovy/groovy-testng/2.5.7/groovy-testng-2.5.7.jar:/Users/mareksiebert/.m2/repository/org/codehaus/groovy/groovy-xml/2.5.7/groovy-xml-2.5.7.jar:/Users/mareksiebert/.m2/repository/io/cucumber/cucumber-java/4.7.1/cucumber-java-4.7.1.jar:/Users/mareksiebert/.m2/repository/io/cucumber/cucumber-core/4.7.1/cucumber-core-4.7.1.jar:/Users/mareksiebert/.m2/repository/io/cucumber/gherkin/5.1.0/gherkin-5.1.0.jar:/Users/mareksiebert/.m2/repository/io/cucumber/tag-expressions/1.1.1/tag-expressions-1.1.1.jar:/Users/mareksiebert/.m2/repository/io/cucumber/cucumber-expressions/7.0.2/cucumber-expressions-7.0.2.jar:/Users/mareksiebert/.m2/repository/io/cucumber/datatable/1.1.14/datatable-1.1.14.jar:/Users/mareksiebert/.m2/repository/io/cucumber/datatable-dependencies/1.1.14/datatable-dependencies-1.1.14.jar:/Users/mareksiebert/.m2/repository/org/apiguardian/apiguardian-api/1.1.0/apiguardian-api-1.1.0.jar:/Users/mareksiebert/.m2/repository/io/cucumber/cucumber-testng/4.7.1/cucumber-testng-4.7.1.jar:/Users/mareksiebert/.m2/repository/io/qameta/allure/allure-cucumber-jvm/2.12.1/allure-cucumber-jvm-2.12.1.jar:/Users/mareksiebert/.m2/repository/io/qameta/allure/allure-java-commons/2.12.1/allure-java-commons-2.12.1.jar:/Users/mareksiebert/.m2/repository/io/qameta/allure/allure-model/2.12.1/allure-model-2.12.1.jar:/Users/mareksiebert/.m2/repository/com/fasterxml/jackson/core/jackson-databind/2.9.8/jackson-databind-2.9.8.jar:/Users/mareksiebert/.m2/repository/com/fasterxml/jackson/core/jackson-core/2.9.8/jackson-core-2.9.8.jar:/Users/mareksiebert/.m2/repository/org/apache/tika/tika-core/1.20/tika-core-1.20.jar:/Users/mareksiebert/.m2/repository/org/jooq/joor-java-8/0.9.10/joor-java-8-0.9.10.jar:/Users/mareksiebert/.m2/repository/info/cukes/cucumber-core/1.2.5/cucumber-core-1.2.5.jar:/Users/mareksiebert/.m2/repository/info/cukes/cucumber-html/0.2.3/cucumber-html-0.2.3.jar:/Users/mareksiebert/.m2/repository/info/cukes/cucumber-jvm-deps/1.0.5/cucumber-jvm-deps-1.0.5.jar:/Users/mareksiebert/.m2/repository/info/cukes/cucumber-java/1.2.5/cucumber-java-1.2.5.jar:/Users/mareksiebert/.m2/repository/info/cukes/gherkin/2.12.2/gherkin-2.12.2.jar:/Users/mareksiebert/.m2/repository/org/aspectj/aspectjweaver/1.9.4/aspectjweaver-1.9.4.jar:"/>
    <property name="sun.cpu.endian" value="little"/>
    <property name="allure.results.directory" value="/Users/mareksiebert/Projects/BDDRestExample/target/allure-results"/>
    <property name="user.home" value="/Users/mareksiebert"/>
    <property name="user.language" value="en"/>
    <property name="java.specification.vendor" value="Oracle Corporation"/>
    <property name="screenshotDirectory" value="/Users/mareksiebert/Projects/BDDRestExample/target/screenshots"/>
    <property name="java.version.date" value="2019-01-15"/>
    <property name="java.home" value="/Library/Java/JavaVirtualMachines/jdk-11.0.2.jdk/Contents/Home"/>
    <property name="file.separator" value="/"/>
    <property name="basedir" value="/Users/mareksiebert/Projects/BDDRestExample"/>
    <property name="java.vm.compressedOopsMode" value="Zero based"/>
    <property name="line.separator" value="&#10;"/>
    <property name="java.specification.name" value="Java Platform API Specification"/>
    <property name="java.vm.specification.vendor" value="Oracle Corporation"/>
    <property name="java.awt.graphicsenv" value="sun.awt.CGraphicsEnvironment"/>
    <property name="surefire.real.class.path" value="/Users/mareksiebert/Projects/BDDRestExample/target/surefire/surefirebooter17977088806843907699.jar"/>
    <property name="sun.management.compiler" value="HotSpot 64-Bit Tiered Compilers"/>
    <property name="ftp.nonProxyHosts" value="local|*.local|169.254/16|*.169.254/16"/>
    <property name="java.runtime.version" value="11.0.2+9-LTS"/>
    <property name="user.name" value="mareksiebert"/>
    <property name="path.separator" value=":"/>
    <property name="os.version" value="10.15.2"/>
    <property name="java.runtime.name" value="Java(TM) SE Runtime Environment"/>
    <property name="file.encoding" value="UTF-8"/>
    <property name="java.vm.name" value="Java HotSpot(TM) 64-Bit Server VM"/>
    <property name="java.vendor.version" value="18.9"/>
    <property name="localRepository" value="/Users/mareksiebert/.m2/repository"/>
    <property name="cucumber.options" value="--tags @api"/>
    <property name="java.vendor.url.bug" value="http://bugreport.java.com/bugreport/"/>
    <property name="java.io.tmpdir" value="/var/folders/fj/kw5trkpd5c9_sywnl2_lpf280000gn/T/"/>
    <property name="java.version" value="11.0.2"/>
    <property name="user.dir" value="/Users/mareksiebert/Projects/BDDRestExample"/>
    <property name="os.arch" value="x86_64"/>
    <property name="java.vm.specification.name" value="Java Virtual Machine Specification"/>
    <property name="java.awt.printerjob" value="sun.lwawt.macosx.CPrinterJob"/>
    <property name="sun.os.patch.level" value="unknown"/>
    <property name="java.library.path" value="/Users/mareksiebert/Library/Java/Extensions:/Library/Java/Extensions:/Network/Library/Java/Extensions:/System/Library/Java/Extensions:/usr/lib/java:."/>
    <property name="java.vendor" value="Oracle Corporation"/>
    <property name="java.vm.info" value="mixed mode"/>
    <property name="java.vm.version" value="11.0.2+9-LTS"/>
    <property name="sun.io.unicode.encoding" value="UnicodeBig"/>
    <property name="java.class.version" value="55.0"/>
    <property name="socksNonProxyHosts" value="local|*.local|169.254/16|*.169.254/16"/>
  </properties>
  <testcase name="Get employees by specific id" classname="com.APITestRunner" time="2.739"/>
  <testcase name="Get employees by specific id" classname="com.APITestRunner" time="0.286"/>
  <testcase name="Create employee" classname="com.APITestRunner" time="0.698">
    <failure message="1 expectation failed.&#10;Expected status code &lt;200&gt; but was &lt;404&gt;.&#10;" type="java.lang.AssertionError"><![CDATA[java.lang.AssertionError: 
1 expectation failed.
Expected status code <200> but was <404>.

]]></failure>
    <system-out><![CDATA[16:28:37.474 [TestNG-PoolService-0] INFO  - PASS  Get employees by specific id
16:28:37.476 [TestNG-PoolService-0] INFO  - START Create employee
]]></system-out>
  </testcase>
  <testcase name="Remove employee" classname="com.APITestRunner" time="0.286"/>
</testsuite>